0 info it worked if it ends with ok
1 verbose cli [ '/home/nico/.nvm/versions/node/v5.6.0/bin/node',
1 verbose cli   '/home/nico/.nvm/versions/node/v5.6.0/bin/npm',
1 verbose cli   'run',
1 verbose cli   'watch' ]
2 info using npm@3.10.6
3 info using node@v5.6.0
4 verbose stack Error: missing script: watch
4 verbose stack     at run (/home/nico/.nvm/versions/node/v5.6.0/lib/node_modules/npm/lib/run-script.js:151:19)
4 verbose stack     at /home/nico/.nvm/versions/node/v5.6.0/lib/node_modules/npm/lib/run-script.js:61:5
4 verbose stack     at /home/nico/.nvm/versions/node/v5.6.0/lib/node_modules/npm/node_modules/read-package-json/read-json.js:356:5
4 verbose stack     at checkBinReferences_ (/home/nico/.nvm/versions/node/v5.6.0/lib/node_modules/npm/node_modules/read-package-json/read-json.js:320:45)
4 verbose stack     at final (/home/nico/.nvm/versions/node/v5.6.0/lib/node_modules/npm/node_modules/read-package-json/read-json.js:354:3)
4 verbose stack     at then (/home/nico/.nvm/versions/node/v5.6.0/lib/node_modules/npm/node_modules/read-package-json/read-json.js:124:5)
4 verbose stack     at /home/nico/.nvm/versions/node/v5.6.0/lib/node_modules/npm/node_modules/read-package-json/read-json.js:243:12
4 verbose stack     at /home/nico/.nvm/versions/node/v5.6.0/lib/node_modules/npm/node_modules/graceful-fs/graceful-fs.js:78:16
4 verbose stack     at tryToString (fs.js:414:3)
4 verbose stack     at FSReqWrap.readFileAfterClose [as oncomplete] (fs.js:401:12)
5 verbose cwd /home/nico/Documents/ClaroMono/vendor/claroline/distribution
6 error Linux 4.4.0-45-generic
7 error argv "/home/nico/.nvm/versions/node/v5.6.0/bin/node" "/home/nico/.nvm/versions/node/v5.6.0/bin/npm" "run" "watch"
8 error node v5.6.0
9 error npm  v3.10.6
10 error missing script: watch
11 error If you need help, you may report this error at:
11 error     <https://github.com/npm/npm/issues>
12 verbose exit [ 1, true ]
